This file contains any messages produced by compilers while
running configure, to aid debugging if configure makes a mistake.

It was created by HmmUFOtu configure 1.0, which was
generated by GNU Autoconf 2.69.  Invocation command line was

  $ ./configure 

## --------- ##
## Platform. ##
## --------- ##

hostname = gricelabstation1.med.upenn.edu
uname -m = x86_64
uname -r = 4.8.8-200.fc24.x86_64
uname -s = Linux
uname -v = #1 SMP Tue Nov 15 19:41:51 UTC 2016

/usr/bin/uname -p = x86_64
/bin/uname -X     = unknown

/bin/arch              = x86_64
/usr/bin/arch -k       = unknown
/usr/convex/getsysinfo = unknown
/usr/bin/hostinfo      = unknown
/bin/machine           = unknown
/usr/bin/oslevel       = unknown
/bin/universe          = unknown

PATH: /usr/local/bin
PATH: /usr/local/sbin
PATH: /usr/bin
PATH: /usr/sbin
PATH: /usr/local/bin
PATH: /home/zhengqi/.local/bin
PATH: /home/zhengqi/bin
PATH: /home/zhengqi/bin/x86_64
PATH: /home/zhengqi/program/perl/useful_scripts
PATH: /home/zhengqi/.aspera/connect/bin
PATH: /home/zhengqi/software/tophat-2.1.0.Linux_x86_64
PATH: /usr/local/novocraft
PATH: /usr/local/sra-toolkit/bin
PATH: /data/pipeline/utils
PATH: /home/zhengqi/software/homer/bin
PATH: /usr/local/weblogo
PATH: /usr/local/UCSC-tools
PATH: /usr/local/UCSC-tools/blat
PATH: /usr/local/circos-0.69/bin
PATH: /usr/local/HiC-Pro_2.7.6/bin


## ----------- ##
## Core tests. ##
## ----------- ##

configure:2590: checking build system type
configure:2604: result: x86_64-unknown-linux-gnu
configure:2624: checking host system type
configure:2637: result: x86_64-unknown-linux-gnu
configure:2678: checking how to print strings
configure:2705: result: printf
configure:2777: checking for gcc
configure:2793: found /usr/bin/gcc
configure:2804: result: gcc
configure:3033: checking for C compiler version
configure:3042: gcc --version >&5
gcc (GCC) 6.2.1 20160916 (Red Hat 6.2.1-2)
Copyright (C) 2016 Free Software Foundation, Inc.
This is free software; see the source for copying conditions.  There is NO
warranty; not even for MERCHANTABILITY or FITNESS FOR A PARTICULAR PURPOSE.

configure:3053: $? = 0
configure:3042: gcc -v >&5
Using built-in specs.
COLLECT_GCC=gcc
COLLECT_LTO_WRAPPER=/usr/libexec/gcc/x86_64-redhat-linux/6.2.1/lto-wrapper
Target: x86_64-redhat-linux
Configured with: ../configure --enable-bootstrap --enable-languages=c,c++,objc,obj-c++,fortran,ada,go,lto --prefix=/usr --mandir=/usr/share/man --infodir=/usr/share/info --with-bugurl=http://bugzilla.redhat.com/bugzilla --enable-shared --enable-threads=posix --enable-checking=release --enable-multilib --with-system-zlib --enable-__cxa_atexit --disable-libunwind-exceptions --enable-gnu-unique-object --enable-linker-build-id --with-linker-hash-style=gnu --enable-plugin --enable-initfini-array --disable-libgcj --with-isl --enable-libmpx --enable-gnu-indirect-function --with-tune=generic --with-arch_32=i686 --build=x86_64-redhat-linux
Thread model: posix
gcc version 6.2.1 20160916 (Red Hat 6.2.1-2) (GCC) 
configure:3053: $? = 0
configure:3042: gcc -V >&5
gcc: error: unrecognized command line option '-V'
gcc: fatal error: no input files
compilation terminated.
configure:3053: $? = 1
configure:3042: gcc -qversion >&5
gcc: error: unrecognized command line option '-qversion'; did you mean '--version'?
gcc: fatal error: no input files
compilation terminated.
configure:3053: $? = 1
configure:3073: checking whether the C compiler works
configure:3095: gcc    conftest.c  >&5
configure:3099: $? = 0
configure:3147: result: yes
configure:3150: checking for C compiler default output file name
configure:3152: result: a.out
configure:3158: checking for suffix of executables
configure:3165: gcc -o conftest    conftest.c  >&5
configure:3169: $? = 0
configure:3191: result: 
configure:3213: checking whether we are cross compiling
configure:3221: gcc -o conftest    conftest.c  >&5
configure:3225: $? = 0
configure:3232: ./conftest
configure:3236: $? = 0
configure:3251: result: no
configure:3256: checking for suffix of object files
configure:3278: gcc -c   conftest.c >&5
configure:3282: $? = 0
configure:3303: result: o
configure:3307: checking whether we are using the GNU C compiler
configure:3326: gcc -c   conftest.c >&5
configure:3326: $? = 0
configure:3335: result: yes
configure:3344: checking whether gcc accepts -g
configure:3364: gcc -c -g  conftest.c >&5
configure:3364: $? = 0
configure:3405: result: yes
configure:3422: checking for gcc option to accept ISO C89
configure:3485: gcc  -c -g -O2  conftest.c >&5
configure:3485: $? = 0
configure:3498: result: none needed
configure:3523: checking whether gcc understands -c and -o together
configure:3545: gcc -c conftest.c -o conftest2.o
configure:3548: $? = 0
configure:3545: gcc -c conftest.c -o conftest2.o
configure:3548: $? = 0
configure:3560: result: yes
configure:3577: checking for a sed that does not truncate output
configure:3641: result: /usr/bin/sed
configure:3659: checking for grep that handles long lines and -e
configure:3717: result: /usr/bin/grep
configure:3722: checking for egrep
configure:3784: result: /usr/bin/grep -E
configure:3789: checking for fgrep
configure:3851: result: /usr/bin/grep -F
configure:3886: checking for ld used by gcc
configure:3953: result: /usr/bin/ld
configure:3960: checking if the linker (/usr/bin/ld) is GNU ld
configure:3975: result: yes
configure:3987: checking for BSD- or MS-compatible name lister (nm)
configure:4041: result: /usr/bin/nm -B
configure:4171: checking the name lister (/usr/bin/nm -B) interface
configure:4178: gcc -c -g -O2  conftest.c >&5
configure:4181: /usr/bin/nm -B "conftest.o"
configure:4184: output
0000000000000000 B some_variable
configure:4191: result: BSD nm
configure:4194: checking whether ln -s works
configure:4198: result: yes
configure:4206: checking the maximum length of command line arguments
configure:4337: result: 1572864
configure:4385: checking how to convert x86_64-unknown-linux-gnu file names to x86_64-unknown-linux-gnu format
configure:4425: result: func_convert_file_noop
configure:4432: checking how to convert x86_64-unknown-linux-gnu file names to toolchain format
configure:4452: result: func_convert_file_noop
configure:4459: checking for /usr/bin/ld option to reload object files
configure:4466: result: -r
configure:4540: checking for objdump
configure:4556: found /usr/bin/objdump
configure:4567: result: objdump
configure:4599: checking how to recognize dependent libraries
configure:4799: result: pass_all
configure:4884: checking for dlltool
configure:4914: result: no
configure:4944: checking how to associate runtime and link libraries
configure:4971: result: printf %s\n
configure:5032: checking for ar
configure:5048: found /usr/bin/ar
configure:5059: result: ar
configure:5096: checking for archiver @FILE support
configure:5113: gcc -c -g -O2  conftest.c >&5
configure:5113: $? = 0
configure:5116: ar cru libconftest.a @conftest.lst >&5
configure:5119: $? = 0
configure:5124: ar cru libconftest.a @conftest.lst >&5
ar: conftest.o: No such file or directory
configure:5127: $? = 1
configure:5139: result: @
configure:5197: checking for strip
configure:5213: found /usr/bin/strip
configure:5224: result: strip
configure:5296: checking for ranlib
configure:5312: found /usr/bin/ranlib
configure:5323: result: ranlib
configure:5400: checking for gawk
configure:5416: found /usr/bin/gawk
configure:5427: result: gawk
configure:5467: checking command to parse /usr/bin/nm -B output from gcc object
configure:5620: gcc -c -g -O2  conftest.c >&5
configure:5623: $? = 0
configure:5627: /usr/bin/nm -B conftest.o \| sed -n -e 's/^.*[ ]\([ABCDGIRSTW][ABCDGIRSTW]*\)[ ][ ]*\([_A-Za-z][_A-Za-z0-9]*\)$/\1 \2 \2/p' | sed '/ __gnu_lto/d' \> conftest.nm
configure:5630: $? = 0
configure:5696: gcc -o conftest -g -O2   conftest.c conftstm.o >&5
configure:5699: $? = 0
configure:5737: result: ok
configure:5784: checking for sysroot
configure:5814: result: no
configure:5821: checking for a working dd
configure:5859: result: /usr/bin/dd
configure:5863: checking how to truncate binary pipes
configure:5878: result: /usr/bin/dd bs=4096 count=1
configure:6014: gcc -c -g -O2  conftest.c >&5
configure:6017: $? = 0
configure:6207: checking for mt
configure:6237: result: no
configure:6257: checking if : is a manifest tool
configure:6263: : '-?'
configure:6271: result: no
configure:6948: checking how to run the C preprocessor
configure:6979: gcc -E  conftest.c
configure:6979: $? = 0
configure:6993: gcc -E  conftest.c
conftest.c:9:28: fatal error: ac_nonexistent.h: No such file or directory
 #include <ac_nonexistent.h>
                            ^
compilation terminated.
configure:6993: $? = 1
configure: failed program was:
| /* confdefs.h */
| #define PACKAGE_NAME "HmmUFOtu"
| #define PACKAGE_TARNAME "hmmufotu"
| #define PACKAGE_VERSION "1.0"
| #define PACKAGE_STRING "HmmUFOtu 1.0"
| #define PACKAGE_BUGREPORT ""
| #define PACKAGE_URL ""
| /* end confdefs.h.  */
| #include <ac_nonexistent.h>
configure:7018: result: gcc -E
configure:7038: gcc -E  conftest.c
configure:7038: $? = 0
configure:7052: gcc -E  conftest.c
conftest.c:9:28: fatal error: ac_nonexistent.h: No such file or directory
 #include <ac_nonexistent.h>
                            ^
compilation terminated.
configure:7052: $? = 1
configure: failed program was:
| /* confdefs.h */
| #define PACKAGE_NAME "HmmUFOtu"
| #define PACKAGE_TARNAME "hmmufotu"
| #define PACKAGE_VERSION "1.0"
| #define PACKAGE_STRING "HmmUFOtu 1.0"
| #define PACKAGE_BUGREPORT ""
| #define PACKAGE_URL ""
| /* end confdefs.h.  */
| #include <ac_nonexistent.h>
configure:7081: checking for ANSI C header files
configure:7101: gcc -c -g -O2  conftest.c >&5
configure:7101: $? = 0
configure:7174: gcc -o conftest -g -O2   conftest.c  >&5
configure:7174: $? = 0
configure:7174: ./conftest
configure:7174: $? = 0
configure:7185: result: yes
configure:7198: checking for sys/types.h
configure:7198: gcc -c -g -O2  conftest.c >&5
configure:7198: $? = 0
configure:7198: result: yes
configure:7198: checking for sys/stat.h
configure:7198: gcc -c -g -O2  conftest.c >&5
configure:7198: $? = 0
configure:7198: result: yes
configure:7198: checking for stdlib.h
configure:7198: gcc -c -g -O2  conftest.c >&5
configure:7198: $? = 0
configure:7198: result: yes
configure:7198: checking for string.h
configure:7198: gcc -c -g -O2  conftest.c >&5
configure:7198: $? = 0
configure:7198: result: yes
configure:7198: checking for memory.h
configure:7198: gcc -c -g -O2  conftest.c >&5
configure:7198: $? = 0
configure:7198: result: yes
configure:7198: checking for strings.h
configure:7198: gcc -c -g -O2  conftest.c >&5
configure:7198: $? = 0
configure:7198: result: yes
configure:7198: checking for inttypes.h
configure:7198: gcc -c -g -O2  conftest.c >&5
configure:7198: $? = 0
configure:7198: result: yes
configure:7198: checking for stdint.h
configure:7198: gcc -c -g -O2  conftest.c >&5
configure:7198: $? = 0
configure:7198: result: yes
configure:7198: checking for unistd.h
configure:7198: gcc -c -g -O2  conftest.c >&5
configure:7198: $? = 0
configure:7198: result: yes
configure:7212: checking for dlfcn.h
configure:7212: gcc -c -g -O2  conftest.c >&5
configure:7212: $? = 0
configure:7212: result: yes
configure:7466: checking for objdir
configure:7481: result: .libs
configure:7745: checking if gcc supports -fno-rtti -fno-exceptions
configure:7763: gcc -c -g -O2  -fno-rtti -fno-exceptions conftest.c >&5
cc1: warning: command line option '-fno-rtti' is valid for C++/ObjC++ but not for C
configure:7767: $? = 0
configure:7780: result: no
configure:8138: checking for gcc option to produce PIC
configure:8145: result: -fPIC -DPIC
configure:8153: checking if gcc PIC flag -fPIC -DPIC works
configure:8171: gcc -c -g -O2  -fPIC -DPIC -DPIC conftest.c >&5
configure:8175: $? = 0
configure:8188: result: yes
configure:8217: checking if gcc static flag -static works
configure:8245: result: no
configure:8260: checking if gcc supports -c -o file.o
configure:8281: gcc -c -g -O2  -o out/conftest2.o conftest.c >&5
configure:8285: $? = 0
configure:8307: result: yes
configure:8315: checking if gcc supports -c -o file.o
configure:8362: result: yes
configure:8395: checking whether the gcc linker (/usr/bin/ld -m elf_x86_64) supports shared libraries
configure:9654: result: yes
configure:9691: checking whether -lc should be explicitly linked in
configure:9699: gcc -c -g -O2  conftest.c >&5
configure:9702: $? = 0
configure:9717: gcc -shared  -fPIC -DPIC conftest.o  -v -Wl,-soname -Wl,conftest -o conftest 2\>\&1 \| /usr/bin/grep  -lc  \>/dev/null 2\>\&1
configure:9720: $? = 0
configure:9734: result: no
configure:9894: checking dynamic linker characteristics
configure:10475: gcc -o conftest -g -O2   -Wl,-rpath -Wl,/foo conftest.c  >&5
configure:10475: $? = 0
configure:10715: result: GNU/Linux ld.so
configure:10837: checking how to hardcode library paths into programs
configure:10862: result: immediate
configure:11410: checking whether stripping libraries is possible
configure:11415: result: yes
configure:11450: checking if libtool supports shared libraries
configure:11452: result: yes
configure:11455: checking whether to build shared libraries
configure:11480: result: yes
configure:11483: checking whether to build static libraries
configure:11487: result: yes
configure:11525: checking target system type
configure:11538: result: x86_64-unknown-linux-gnu
configure:11567: checking src/HmmUFOtu.h usability
configure:11567: gcc -c -g -O2  conftest.c >&5
conftest.c:54:26: fatal error: src/HmmUFOtu.h: No such file or directory
 #include <src/HmmUFOtu.h>
                          ^
compilation terminated.
configure:11567: $? = 1
configure: failed program was:
| /* confdefs.h */
| #define PACKAGE_NAME "HmmUFOtu"
| #define PACKAGE_TARNAME "hmmufotu"
| #define PACKAGE_VERSION "1.0"
| #define PACKAGE_STRING "HmmUFOtu 1.0"
| #define PACKAGE_BUGREPORT ""
| #define PACKAGE_URL ""
| #define STDC_HEADERS 1
| #define HAVE_SYS_TYPES_H 1
| #define HAVE_SYS_STAT_H 1
| #define HAVE_STDLIB_H 1
| #define HAVE_STRING_H 1
| #define HAVE_MEMORY_H 1
| #define HAVE_STRINGS_H 1
| #define HAVE_INTTYPES_H 1
| #define HAVE_STDINT_H 1
| #define HAVE_UNISTD_H 1
| #define HAVE_DLFCN_H 1
| #define LT_OBJDIR ".libs/"
| /* end confdefs.h.  */
| #include <stdio.h>
| #ifdef HAVE_SYS_TYPES_H
| # include <sys/types.h>
| #endif
| #ifdef HAVE_SYS_STAT_H
| # include <sys/stat.h>
| #endif
| #ifdef STDC_HEADERS
| # include <stdlib.h>
| # include <stddef.h>
| #else
| # ifdef HAVE_STDLIB_H
| #  include <stdlib.h>
| # endif
| #endif
| #ifdef HAVE_STRING_H
| # if !defined STDC_HEADERS && defined HAVE_MEMORY_H
| #  include <memory.h>
| # endif
| # include <string.h>
| #endif
| #ifdef HAVE_STRINGS_H
| # include <strings.h>
| #endif
| #ifdef HAVE_INTTYPES_H
| # include <inttypes.h>
| #endif
| #ifdef HAVE_STDINT_H
| # include <stdint.h>
| #endif
| #ifdef HAVE_UNISTD_H
| # include <unistd.h>
| #endif
| #include <src/HmmUFOtu.h>
configure:11567: result: no
configure:11567: checking src/HmmUFOtu.h presence
configure:11567: gcc -E  conftest.c
conftest.c:21:26: fatal error: src/HmmUFOtu.h: No such file or directory
 #include <src/HmmUFOtu.h>
                          ^
compilation terminated.
configure:11567: $? = 1
configure: failed program was:
| /* confdefs.h */
| #define PACKAGE_NAME "HmmUFOtu"
| #define PACKAGE_TARNAME "hmmufotu"
| #define PACKAGE_VERSION "1.0"
| #define PACKAGE_STRING "HmmUFOtu 1.0"
| #define PACKAGE_BUGREPORT ""
| #define PACKAGE_URL ""
| #define STDC_HEADERS 1
| #define HAVE_SYS_TYPES_H 1
| #define HAVE_SYS_STAT_H 1
| #define HAVE_STDLIB_H 1
| #define HAVE_STRING_H 1
| #define HAVE_MEMORY_H 1
| #define HAVE_STRINGS_H 1
| #define HAVE_INTTYPES_H 1
| #define HAVE_STDINT_H 1
| #define HAVE_UNISTD_H 1
| #define HAVE_DLFCN_H 1
| #define LT_OBJDIR ".libs/"
| /* end confdefs.h.  */
| #include <src/HmmUFOtu.h>
configure:11567: result: no
configure:11567: checking for src/HmmUFOtu.h
configure:11567: result: no
configure:11577: checking for stdbool.h that conforms to C99
configure:11644: gcc -c -g -O2  conftest.c >&5
configure:11644: $? = 0
configure:11651: result: yes
configure:11653: checking for _Bool
configure:11653: gcc -c -g -O2  conftest.c >&5
configure:11653: $? = 0
configure:11653: gcc -c -g -O2  conftest.c >&5
conftest.c: In function 'main':
conftest.c:57:20: error: expected expression before ')' token
 if (sizeof ((_Bool)))
                    ^
configure:11653: $? = 1
configure: failed program was:
| /* confdefs.h */
| #define PACKAGE_NAME "HmmUFOtu"
| #define PACKAGE_TARNAME "hmmufotu"
| #define PACKAGE_VERSION "1.0"
| #define PACKAGE_STRING "HmmUFOtu 1.0"
| #define PACKAGE_BUGREPORT ""
| #define PACKAGE_URL ""
| #define STDC_HEADERS 1
| #define HAVE_SYS_TYPES_H 1
| #define HAVE_SYS_STAT_H 1
| #define HAVE_STDLIB_H 1
| #define HAVE_STRING_H 1
| #define HAVE_MEMORY_H 1
| #define HAVE_STRINGS_H 1
| #define HAVE_INTTYPES_H 1
| #define HAVE_STDINT_H 1
| #define HAVE_UNISTD_H 1
| #define HAVE_DLFCN_H 1
| #define LT_OBJDIR ".libs/"
| /* end confdefs.h.  */
| #include <stdio.h>
| #ifdef HAVE_SYS_TYPES_H
| # include <sys/types.h>
| #endif
| #ifdef HAVE_SYS_STAT_H
| # include <sys/stat.h>
| #endif
| #ifdef STDC_HEADERS
| # include <stdlib.h>
| # include <stddef.h>
| #else
| # ifdef HAVE_STDLIB_H
| #  include <stdlib.h>
| # endif
| #endif
| #ifdef HAVE_STRING_H
| # if !defined STDC_HEADERS && defined HAVE_MEMORY_H
| #  include <memory.h>
| # endif
| # include <string.h>
| #endif
| #ifdef HAVE_STRINGS_H
| # include <strings.h>
| #endif
| #ifdef HAVE_INTTYPES_H
| # include <inttypes.h>
| #endif
| #ifdef HAVE_STDINT_H
| # include <stdint.h>
| #endif
| #ifdef HAVE_UNISTD_H
| # include <unistd.h>
| #endif
| int
| main ()
| {
| if (sizeof ((_Bool)))
| 	    return 0;
|   ;
|   return 0;
| }
configure:11653: result: yes
configure:11664: checking for inline
configure:11680: gcc -c -g -O2  conftest.c >&5
configure:11680: $? = 0
configure:11688: result: inline
configure:11706: checking for size_t
configure:11706: gcc -c -g -O2  conftest.c >&5
configure:11706: $? = 0
configure:11706: gcc -c -g -O2  conftest.c >&5
conftest.c: In function 'main':
conftest.c:58:21: error: expected expression before ')' token
 if (sizeof ((size_t)))
                     ^
configure:11706: $? = 1
configure: failed program was:
| /* confdefs.h */
| #define PACKAGE_NAME "HmmUFOtu"
| #define PACKAGE_TARNAME "hmmufotu"
| #define PACKAGE_VERSION "1.0"
| #define PACKAGE_STRING "HmmUFOtu 1.0"
| #define PACKAGE_BUGREPORT ""
| #define PACKAGE_URL ""
| #define STDC_HEADERS 1
| #define HAVE_SYS_TYPES_H 1
| #define HAVE_SYS_STAT_H 1
| #define HAVE_STDLIB_H 1
| #define HAVE_STRING_H 1
| #define HAVE_MEMORY_H 1
| #define HAVE_STRINGS_H 1
| #define HAVE_INTTYPES_H 1
| #define HAVE_STDINT_H 1
| #define HAVE_UNISTD_H 1
| #define HAVE_DLFCN_H 1
| #define LT_OBJDIR ".libs/"
| #define HAVE__BOOL 1
| /* end confdefs.h.  */
| #include <stdio.h>
| #ifdef HAVE_SYS_TYPES_H
| # include <sys/types.h>
| #endif
| #ifdef HAVE_SYS_STAT_H
| # include <sys/stat.h>
| #endif
| #ifdef STDC_HEADERS
| # include <stdlib.h>
| # include <stddef.h>
| #else
| # ifdef HAVE_STDLIB_H
| #  include <stdlib.h>
| # endif
| #endif
| #ifdef HAVE_STRING_H
| # if !defined STDC_HEADERS && defined HAVE_MEMORY_H
| #  include <memory.h>
| # endif
| # include <string.h>
| #endif
| #ifdef HAVE_STRINGS_H
| # include <strings.h>
| #endif
| #ifdef HAVE_INTTYPES_H
| # include <inttypes.h>
| #endif
| #ifdef HAVE_STDINT_H
| # include <stdint.h>
| #endif
| #ifdef HAVE_UNISTD_H
| # include <unistd.h>
| #endif
| int
| main ()
| {
| if (sizeof ((size_t)))
| 	    return 0;
|   ;
|   return 0;
| }
configure:11706: result: yes
configure:11717: checking for int8_t
configure:11717: gcc -c -g -O2  conftest.c >&5
configure:11717: $? = 0
configure:11717: gcc -c -g -O2  conftest.c >&5
conftest.c: In function 'main':
conftest.c:59:12: error: size of array 'test_array' is negative
 static int test_array [1 - 2 * !((int8_t) (((((int8_t) 1 << N) << N) - 1) * 2 + 1)
            ^~~~~~~~~~
configure:11717: $? = 1
configure: failed program was:
| /* confdefs.h */
| #define PACKAGE_NAME "HmmUFOtu"
| #define PACKAGE_TARNAME "hmmufotu"
| #define PACKAGE_VERSION "1.0"
| #define PACKAGE_STRING "HmmUFOtu 1.0"
| #define PACKAGE_BUGREPORT ""
| #define PACKAGE_URL ""
| #define STDC_HEADERS 1
| #define HAVE_SYS_TYPES_H 1
| #define HAVE_SYS_STAT_H 1
| #define HAVE_STDLIB_H 1
| #define HAVE_STRING_H 1
| #define HAVE_MEMORY_H 1
| #define HAVE_STRINGS_H 1
| #define HAVE_INTTYPES_H 1
| #define HAVE_STDINT_H 1
| #define HAVE_UNISTD_H 1
| #define HAVE_DLFCN_H 1
| #define LT_OBJDIR ".libs/"
| #define HAVE__BOOL 1
| /* end confdefs.h.  */
| #include <stdio.h>
| #ifdef HAVE_SYS_TYPES_H
| # include <sys/types.h>
| #endif
| #ifdef HAVE_SYS_STAT_H
| # include <sys/stat.h>
| #endif
| #ifdef STDC_HEADERS
| # include <stdlib.h>
| # include <stddef.h>
| #else
| # ifdef HAVE_STDLIB_H
| #  include <stdlib.h>
| # endif
| #endif
| #ifdef HAVE_STRING_H
| # if !defined STDC_HEADERS && defined HAVE_MEMORY_H
| #  include <memory.h>
| # endif
| # include <string.h>
| #endif
| #ifdef HAVE_STRINGS_H
| # include <strings.h>
| #endif
| #ifdef HAVE_INTTYPES_H
| # include <inttypes.h>
| #endif
| #ifdef HAVE_STDINT_H
| # include <stdint.h>
| #endif
| #ifdef HAVE_UNISTD_H
| # include <unistd.h>
| #endif
| 	        enum { N = 8 / 2 - 1 };
| int
| main ()
| {
| static int test_array [1 - 2 * !((int8_t) (((((int8_t) 1 << N) << N) - 1) * 2 + 1)
| 		 < (int8_t) (((((int8_t) 1 << N) << N) - 1) * 2 + 2))];
| test_array [0] = 0;
| return test_array [0];
| 
|   ;
|   return 0;
| }
configure:11717: result: yes
configure:11728: checking for uint8_t
configure:11728: gcc -c -g -O2  conftest.c >&5
configure:11728: $? = 0
configure:11728: result: yes
configure:11742: checking for uint16_t
configure:11742: gcc -c -g -O2  conftest.c >&5
configure:11742: $? = 0
configure:11742: result: yes
configure:11754: checking for uint32_t
configure:11754: gcc -c -g -O2  conftest.c >&5
configure:11754: $? = 0
configure:11754: result: yes
configure:11768: checking for int32_t
configure:11768: gcc -c -g -O2  conftest.c >&5
configure:11768: $? = 0
configure:11768: gcc -c -g -O2  conftest.c >&5
conftest.c: In function 'main':
conftest.c:60:53: warning: integer overflow in expression [-Woverflow]
    < (int32_t) (((((int32_t) 1 << N) << N) - 1) * 2 + 2))];
                                                     ^
conftest.c:59:12: error: storage size of 'test_array' isn't constant
 static int test_array [1 - 2 * !((int32_t) (((((int32_t) 1 << N) << N) - 1) * 2 + 1)
            ^~~~~~~~~~
configure:11768: $? = 1
configure: failed program was:
| /* confdefs.h */
| #define PACKAGE_NAME "HmmUFOtu"
| #define PACKAGE_TARNAME "hmmufotu"
| #define PACKAGE_VERSION "1.0"
| #define PACKAGE_STRING "HmmUFOtu 1.0"
| #define PACKAGE_BUGREPORT ""
| #define PACKAGE_URL ""
| #define STDC_HEADERS 1
| #define HAVE_SYS_TYPES_H 1
| #define HAVE_SYS_STAT_H 1
| #define HAVE_STDLIB_H 1
| #define HAVE_STRING_H 1
| #define HAVE_MEMORY_H 1
| #define HAVE_STRINGS_H 1
| #define HAVE_INTTYPES_H 1
| #define HAVE_STDINT_H 1
| #define HAVE_UNISTD_H 1
| #define HAVE_DLFCN_H 1
| #define LT_OBJDIR ".libs/"
| #define HAVE__BOOL 1
| /* end confdefs.h.  */
| #include <stdio.h>
| #ifdef HAVE_SYS_TYPES_H
| # include <sys/types.h>
| #endif
| #ifdef HAVE_SYS_STAT_H
| # include <sys/stat.h>
| #endif
| #ifdef STDC_HEADERS
| # include <stdlib.h>
| # include <stddef.h>
| #else
| # ifdef HAVE_STDLIB_H
| #  include <stdlib.h>
| # endif
| #endif
| #ifdef HAVE_STRING_H
| # if !defined STDC_HEADERS && defined HAVE_MEMORY_H
| #  include <memory.h>
| # endif
| # include <string.h>
| #endif
| #ifdef HAVE_STRINGS_H
| # include <strings.h>
| #endif
| #ifdef HAVE_INTTYPES_H
| # include <inttypes.h>
| #endif
| #ifdef HAVE_STDINT_H
| # include <stdint.h>
| #endif
| #ifdef HAVE_UNISTD_H
| # include <unistd.h>
| #endif
| 	        enum { N = 32 / 2 - 1 };
| int
| main ()
| {
| static int test_array [1 - 2 * !((int32_t) (((((int32_t) 1 << N) << N) - 1) * 2 + 1)
| 		 < (int32_t) (((((int32_t) 1 << N) << N) - 1) * 2 + 2))];
| test_array [0] = 0;
| return test_array [0];
| 
|   ;
|   return 0;
| }
configure:11768: result: yes
configure:11781: checking for stdlib.h
configure:11781: result: yes
configure:11791: checking for GNU libc compatible malloc
configure:11815: gcc -o conftest -g -O2   conftest.c  >&5
configure:11815: $? = 0
configure:11815: ./conftest
configure:11815: $? = 0
configure:11825: result: yes
configure:11889: checking for ranlib
configure:11916: result: ranlib
configure:11938: checking whether ln -s works
configure:11942: result: yes
configure:11965: checking for a BSD-compatible install
configure:12033: result: /usr/bin/install -c
configure:12044: checking whether build environment is sane
configure:12099: result: yes
configure:12247: checking for a thread-safe mkdir -p
configure:12286: result: /usr/bin/mkdir -p
configure:12289: checking whether make sets $(MAKE)
configure:12311: result: yes
configure:12341: checking for style of include used by make
configure:12369: result: GNU
configure:12403: checking whether make supports nested variables
configure:12420: result: yes
configure:12505: checking dependency style of gcc
configure:12616: result: gcc3
configure:12733: checking for g++
configure:12749: found /usr/bin/g++
configure:12760: result: g++
configure:12787: checking for C++ compiler version
configure:12796: g++ --version >&5
g++ (GCC) 6.2.1 20160916 (Red Hat 6.2.1-2)
Copyright (C) 2016 Free Software Foundation, Inc.
This is free software; see the source for copying conditions.  There is NO
warranty; not even for MERCHANTABILITY or FITNESS FOR A PARTICULAR PURPOSE.

configure:12807: $? = 0
configure:12796: g++ -v >&5
Using built-in specs.
COLLECT_GCC=g++
COLLECT_LTO_WRAPPER=/usr/libexec/gcc/x86_64-redhat-linux/6.2.1/lto-wrapper
Target: x86_64-redhat-linux
Configured with: ../configure --enable-bootstrap --enable-languages=c,c++,objc,obj-c++,fortran,ada,go,lto --prefix=/usr --mandir=/usr/share/man --infodir=/usr/share/info --with-bugurl=http://bugzilla.redhat.com/bugzilla --enable-shared --enable-threads=posix --enable-checking=release --enable-multilib --with-system-zlib --enable-__cxa_atexit --disable-libunwind-exceptions --enable-gnu-unique-object --enable-linker-build-id --with-linker-hash-style=gnu --enable-plugin --enable-initfini-array --disable-libgcj --with-isl --enable-libmpx --enable-gnu-indirect-function --with-tune=generic --with-arch_32=i686 --build=x86_64-redhat-linux
Thread model: posix
gcc version 6.2.1 20160916 (Red Hat 6.2.1-2) (GCC) 
configure:12807: $? = 0
configure:12796: g++ -V >&5
g++: error: unrecognized command line option '-V'
g++: fatal error: no input files
compilation terminated.
configure:12807: $? = 1
configure:12796: g++ -qversion >&5
g++: error: unrecognized command line option '-qversion'; did you mean '--version'?
g++: fatal error: no input files
compilation terminated.
configure:12807: $? = 1
configure:12811: checking whether we are using the GNU C++ compiler
configure:12830: g++ -c   conftest.cpp >&5
configure:12830: $? = 0
configure:12839: result: yes
configure:12848: checking whether g++ accepts -g
configure:12868: g++ -c -g  conftest.cpp >&5
configure:12868: $? = 0
configure:12909: result: yes
configure:12950: checking how to run the C++ preprocessor
configure:12977: g++ -E  conftest.cpp
configure:12977: $? = 0
configure:12991: g++ -E  conftest.cpp
conftest.cpp:26:28: fatal error: ac_nonexistent.h: No such file or directory
 #include <ac_nonexistent.h>
                            ^
compilation terminated.
configure:12991: $? = 1
configure: failed program was:
| /* confdefs.h */
| #define PACKAGE_NAME "HmmUFOtu"
| #define PACKAGE_TARNAME "hmmufotu"
| #define PACKAGE_VERSION "1.0"
| #define PACKAGE_STRING "HmmUFOtu 1.0"
| #define PACKAGE_BUGREPORT ""
| #define PACKAGE_URL ""
| #define STDC_HEADERS 1
| #define HAVE_SYS_TYPES_H 1
| #define HAVE_SYS_STAT_H 1
| #define HAVE_STDLIB_H 1
| #define HAVE_STRING_H 1
| #define HAVE_MEMORY_H 1
| #define HAVE_STRINGS_H 1
| #define HAVE_INTTYPES_H 1
| #define HAVE_STDINT_H 1
| #define HAVE_UNISTD_H 1
| #define HAVE_DLFCN_H 1
| #define LT_OBJDIR ".libs/"
| #define HAVE__BOOL 1
| #define HAVE_STDLIB_H 1
| #define HAVE_MALLOC 1
| #define PACKAGE "hmmufotu"
| #define VERSION "1.0"
| /* end confdefs.h.  */
| #include <ac_nonexistent.h>
configure:13016: result: g++ -E
configure:13036: g++ -E  conftest.cpp
configure:13036: $? = 0
configure:13050: g++ -E  conftest.cpp
conftest.cpp:26:28: fatal error: ac_nonexistent.h: No such file or directory
 #include <ac_nonexistent.h>
                            ^
compilation terminated.
configure:13050: $? = 1
configure: failed program was:
| /* confdefs.h */
| #define PACKAGE_NAME "HmmUFOtu"
| #define PACKAGE_TARNAME "hmmufotu"
| #define PACKAGE_VERSION "1.0"
| #define PACKAGE_STRING "HmmUFOtu 1.0"
| #define PACKAGE_BUGREPORT ""
| #define PACKAGE_URL ""
| #define STDC_HEADERS 1
| #define HAVE_SYS_TYPES_H 1
| #define HAVE_SYS_STAT_H 1
| #define HAVE_STDLIB_H 1
| #define HAVE_STRING_H 1
| #define HAVE_MEMORY_H 1
| #define HAVE_STRINGS_H 1
| #define HAVE_INTTYPES_H 1
| #define HAVE_STDINT_H 1
| #define HAVE_UNISTD_H 1
| #define HAVE_DLFCN_H 1
| #define LT_OBJDIR ".libs/"
| #define HAVE__BOOL 1
| #define HAVE_STDLIB_H 1
| #define HAVE_MALLOC 1
| #define PACKAGE "hmmufotu"
| #define VERSION "1.0"
| /* end confdefs.h.  */
| #include <ac_nonexistent.h>
configure:13212: checking for ld used by g++
configure:13279: result: /usr/bin/ld -m elf_x86_64
configure:13286: checking if the linker (/usr/bin/ld -m elf_x86_64) is GNU ld
configure:13301: result: yes
configure:13356: checking whether the g++ linker (/usr/bin/ld -m elf_x86_64) supports shared libraries
configure:14429: result: yes
configure:14465: g++ -c -g -O2  conftest.cpp >&5
configure:14468: $? = 0
configure:14949: checking for g++ option to produce PIC
configure:14956: result: -fPIC -DPIC
configure:14964: checking if g++ PIC flag -fPIC -DPIC works
configure:14982: g++ -c -g -O2  -fPIC -DPIC -DPIC conftest.cpp >&5
configure:14986: $? = 0
configure:14999: result: yes
configure:15022: checking if g++ static flag -static works
configure:15050: result: no
configure:15062: checking if g++ supports -c -o file.o
configure:15083: g++ -c -g -O2  -o out/conftest2.o conftest.cpp >&5
configure:15087: $? = 0
configure:15109: result: yes
configure:15114: checking if g++ supports -c -o file.o
configure:15161: result: yes
configure:15191: checking whether the g++ linker (/usr/bin/ld -m elf_x86_64) supports shared libraries
configure:15231: result: yes
configure:15372: checking dynamic linker characteristics
configure:16120: result: GNU/Linux ld.so
configure:16185: checking how to hardcode library paths into programs
configure:16210: result: immediate
configure:16252: checking dependency style of g++
configure:16363: result: gcc3
configure:16383: checking for sqrt
configure:16383: gcc -o conftest -g -O2   conftest.c  >&5
conftest.c:49:6: warning: conflicting types for built-in function 'sqrt'
 char sqrt ();
      ^~~~
/tmp/ccYKP6Qr.o: In function `main':
/home/zhengqi/git/HmmUFOtu/HmmUFOtu/conftest.c:60: undefined reference to `sqrt'
collect2: error: ld returned 1 exit status
configure:16383: $? = 1
configure: failed program was:
| /* confdefs.h */
| #define PACKAGE_NAME "HmmUFOtu"
| #define PACKAGE_TARNAME "hmmufotu"
| #define PACKAGE_VERSION "1.0"
| #define PACKAGE_STRING "HmmUFOtu 1.0"
| #define PACKAGE_BUGREPORT ""
| #define PACKAGE_URL ""
| #define STDC_HEADERS 1
| #define HAVE_SYS_TYPES_H 1
| #define HAVE_SYS_STAT_H 1
| #define HAVE_STDLIB_H 1
| #define HAVE_STRING_H 1
| #define HAVE_MEMORY_H 1
| #define HAVE_STRINGS_H 1
| #define HAVE_INTTYPES_H 1
| #define HAVE_STDINT_H 1
| #define HAVE_UNISTD_H 1
| #define HAVE_DLFCN_H 1
| #define LT_OBJDIR ".libs/"
| #define HAVE__BOOL 1
| #define HAVE_STDLIB_H 1
| #define HAVE_MALLOC 1
| #define PACKAGE "hmmufotu"
| #define VERSION "1.0"
| /* end confdefs.h.  */
| /* Define sqrt to an innocuous variant, in case <limits.h> declares sqrt.
|    For example, HP-UX 11i <limits.h> declares gettimeofday.  */
| #define sqrt innocuous_sqrt
| 
| /* System header to define __stub macros and hopefully few prototypes,
|     which can conflict with char sqrt (); below.
|     Prefer <limits.h> to <assert.h> if __STDC__ is defined, since
|     <limits.h> exists even on freestanding compilers.  */
| 
| #ifdef __STDC__
| # include <limits.h>
| #else
| # include <assert.h>
| #endif
| 
| #undef sqrt
| 
| /* Override any GCC internal prototype to avoid an error.
|    Use char because int might match the return type of a GCC
|    builtin and then its argument prototype would still apply.  */
| #ifdef __cplusplus
| extern "C"
| #endif
| char sqrt ();
| /* The GNU C library defines this for functions which it implements
|     to always fail with ENOSYS.  Some functions are actually named
|     something starting with __ and the normal name is an alias.  */
| #if defined __stub_sqrt || defined __stub___sqrt
| choke me
| #endif
| 
| int
| main ()
| {
| return sqrt ();
|   ;
|   return 0;
| }
configure:16383: result: no
configure:16383: checking for isnan
configure:16383: gcc -o conftest -g -O2   conftest.c  >&5
conftest.c:49:6: warning: conflicting types for built-in function 'isnan'
 char isnan ();
      ^~~~~
configure:16383: $? = 0
configure:16383: result: yes
configure:16546: checking that generated files are newer than configure
configure:16552: result: done
configure:16579: creating ./config.status

## ---------------------- ##
## Running config.status. ##
## ---------------------- ##

This file was extended by HmmUFOtu config.status 1.0, which was
generated by GNU Autoconf 2.69.  Invocation command line was

  CONFIG_FILES    = 
  CONFIG_HEADERS  = 
  CONFIG_LINKS    = 
  CONFIG_COMMANDS = 
  $ ./config.status 

on gricelabstation1.med.upenn.edu

config.status:1078: creating Makefile
config.status:1078: creating data/Makefile
config.status:1078: creating src/Makefile
config.status:1078: creating src/math/Makefile
config.status:1078: creating test/Makefile
config.status:1250: executing libtool commands
config.status:1250: executing depfiles commands
configure:18870: === configuring in src/libcds (/home/zhengqi/git/HmmUFOtu/HmmUFOtu/src/libcds)
configure:18933: running /bin/sh ./configure --disable-option-checking '--prefix=/usr/local'  --cache-file=/dev/null --srcdir=.
configure:18870: === configuring in src/libdivsufsort (/home/zhengqi/git/HmmUFOtu/HmmUFOtu/src/libdivsufsort)
configure:18933: running /bin/sh ./configure --disable-option-checking '--prefix=/usr/local'  --cache-file=/dev/null --srcdir=.

## ---------------- ##
## Cache variables. ##
## ---------------- ##

ac_cv_build=x86_64-unknown-linux-gnu
ac_cv_c_compiler_gnu=yes
ac_cv_c_inline=inline
ac_cv_c_int32_t=yes
ac_cv_c_int8_t=yes
ac_cv_c_uint16_t=yes
ac_cv_c_uint32_t=yes
ac_cv_c_uint8_t=yes
ac_cv_cxx_compiler_gnu=yes
ac_cv_env_CCC_set=
ac_cv_env_CCC_value=
ac_cv_env_CC_set=
ac_cv_env_CC_value=
ac_cv_env_CFLAGS_set=
ac_cv_env_CFLAGS_value=
ac_cv_env_CPPFLAGS_set=
ac_cv_env_CPPFLAGS_value=
ac_cv_env_CPP_set=
ac_cv_env_CPP_value=
ac_cv_env_CXXCPP_set=
ac_cv_env_CXXCPP_value=
ac_cv_env_CXXFLAGS_set=
ac_cv_env_CXXFLAGS_value=
ac_cv_env_CXX_set=
ac_cv_env_CXX_value=
ac_cv_env_LDFLAGS_set=
ac_cv_env_LDFLAGS_value=
ac_cv_env_LIBS_set=
ac_cv_env_LIBS_value=
ac_cv_env_LT_SYS_LIBRARY_PATH_set=
ac_cv_env_LT_SYS_LIBRARY_PATH_value=
ac_cv_env_build_alias_set=
ac_cv_env_build_alias_value=
ac_cv_env_host_alias_set=
ac_cv_env_host_alias_value=
ac_cv_env_target_alias_set=
ac_cv_env_target_alias_value=
ac_cv_func_isnan=yes
ac_cv_func_malloc_0_nonnull=yes
ac_cv_func_sqrt=no
ac_cv_header_dlfcn_h=yes
ac_cv_header_inttypes_h=yes
ac_cv_header_memory_h=yes
ac_cv_header_src_HmmUFOtu_h=no
ac_cv_header_stdbool_h=yes
ac_cv_header_stdc=yes
ac_cv_header_stdint_h=yes
ac_cv_header_stdlib_h=yes
ac_cv_header_string_h=yes
ac_cv_header_strings_h=yes
ac_cv_header_sys_stat_h=yes
ac_cv_header_sys_types_h=yes
ac_cv_header_unistd_h=yes
ac_cv_host=x86_64-unknown-linux-gnu
ac_cv_objext=o
ac_cv_path_EGREP='/usr/bin/grep -E'
ac_cv_path_FGREP='/usr/bin/grep -F'
ac_cv_path_GREP=/usr/bin/grep
ac_cv_path_SED=/usr/bin/sed
ac_cv_path_install='/usr/bin/install -c'
ac_cv_path_lt_DD=/usr/bin/dd
ac_cv_path_mkdir=/usr/bin/mkdir
ac_cv_prog_AWK=gawk
ac_cv_prog_CPP='gcc -E'
ac_cv_prog_CXXCPP='g++ -E'
ac_cv_prog_ac_ct_AR=ar
ac_cv_prog_ac_ct_CC=gcc
ac_cv_prog_ac_ct_CXX=g++
ac_cv_prog_ac_ct_OBJDUMP=objdump
ac_cv_prog_ac_ct_RANLIB=ranlib
ac_cv_prog_ac_ct_STRIP=strip
ac_cv_prog_cc_c89=
ac_cv_prog_cc_g=yes
ac_cv_prog_cxx_g=yes
ac_cv_prog_make_make_set=yes
ac_cv_target=x86_64-unknown-linux-gnu
ac_cv_type__Bool=yes
ac_cv_type_size_t=yes
am_cv_CC_dependencies_compiler_type=gcc3
am_cv_CXX_dependencies_compiler_type=gcc3
am_cv_make_support_nested_variables=yes
am_cv_prog_cc_c_o=yes
lt_cv_ar_at_file=@
lt_cv_archive_cmds_need_lc=no
lt_cv_deplibs_check_method=pass_all
lt_cv_file_magic_cmd='$MAGIC_CMD'
lt_cv_file_magic_test_file=
lt_cv_ld_reload_flag=-r
lt_cv_nm_interface='BSD nm'
lt_cv_objdir=.libs
lt_cv_path_LD=/usr/bin/ld
lt_cv_path_LDCXX='/usr/bin/ld -m elf_x86_64'
lt_cv_path_NM='/usr/bin/nm -B'
lt_cv_path_mainfest_tool=no
lt_cv_prog_compiler_c_o=yes
lt_cv_prog_compiler_c_o_CXX=yes
lt_cv_prog_compiler_pic='-fPIC -DPIC'
lt_cv_prog_compiler_pic_CXX='-fPIC -DPIC'
lt_cv_prog_compiler_pic_works=yes
lt_cv_prog_compiler_pic_works_CXX=yes
lt_cv_prog_compiler_rtti_exceptions=no
lt_cv_prog_compiler_static_works=no
lt_cv_prog_compiler_static_works_CXX=no
lt_cv_prog_gnu_ld=yes
lt_cv_prog_gnu_ldcxx=yes
lt_cv_sharedlib_from_linklib_cmd='printf %s\n'
lt_cv_shlibpath_overrides_runpath=no
lt_cv_sys_global_symbol_pipe='sed -n -e '\''s/^.*[	 ]\([ABCDGIRSTW][ABCDGIRSTW]*\)[	 ][	 ]*\([_A-Za-z][_A-Za-z0-9]*\)$/\1 \2 \2/p'\'' | sed '\''/ __gnu_lto/d'\'''
lt_cv_sys_global_symbol_to_c_name_address='sed -n -e '\''s/^: \(.*\) .*$/  {"\1", (void *) 0},/p'\'' -e '\''s/^[ABCDGIRSTW][ABCDGIRSTW]* .* \(.*\)$/  {"\1", (void *) \&\1},/p'\'''
lt_cv_sys_global_symbol_to_c_name_address_lib_prefix='sed -n -e '\''s/^: \(.*\) .*$/  {"\1", (void *) 0},/p'\'' -e '\''s/^[ABCDGIRSTW][ABCDGIRSTW]* .* \(lib.*\)$/  {"\1", (void *) \&\1},/p'\'' -e '\''s/^[ABCDGIRSTW][ABCDGIRSTW]* .* \(.*\)$/  {"lib\1", (void *) \&\1},/p'\'''
lt_cv_sys_global_symbol_to_cdecl='sed -n -e '\''s/^T .* \(.*\)$/extern int \1();/p'\'' -e '\''s/^[ABCDGIRSTW][ABCDGIRSTW]* .* \(.*\)$/extern char \1;/p'\'''
lt_cv_sys_global_symbol_to_import=
lt_cv_sys_max_cmd_len=1572864
lt_cv_to_host_file_cmd=func_convert_file_noop
lt_cv_to_tool_file_cmd=func_convert_file_noop
lt_cv_truncate_bin='/usr/bin/dd bs=4096 count=1'

## ----------------- ##
## Output variables. ##
## ----------------- ##

ACLOCAL='${SHELL} /home/zhengqi/git/HmmUFOtu/HmmUFOtu/missing aclocal-1.15'
AMDEPBACKSLASH='\'
AMDEP_FALSE='#'
AMDEP_TRUE=''
AMTAR='$${TAR-tar}'
AM_BACKSLASH='\'
AM_DEFAULT_V='$(AM_DEFAULT_VERBOSITY)'
AM_DEFAULT_VERBOSITY='1'
AM_V='$(V)'
AR='ar'
AUTOCONF='${SHELL} /home/zhengqi/git/HmmUFOtu/HmmUFOtu/missing autoconf'
AUTOHEADER='${SHELL} /home/zhengqi/git/HmmUFOtu/HmmUFOtu/missing autoheader'
AUTOMAKE='${SHELL} /home/zhengqi/git/HmmUFOtu/HmmUFOtu/missing automake-1.15'
AWK='gawk'
CC='gcc'
CCDEPMODE='depmode=gcc3'
CFLAGS='-g -O2'
CPP='gcc -E'
CPPFLAGS=''
CXX='g++'
CXXCPP='g++ -E'
CXXDEPMODE='depmode=gcc3'
CXXFLAGS='-g -O2'
CYGPATH_W='echo'
DEFS='-DPACKAGE_NAME=\"HmmUFOtu\" -DPACKAGE_TARNAME=\"hmmufotu\" -DPACKAGE_VERSION=\"1.0\" -DPACKAGE_STRING=\"HmmUFOtu\ 1.0\" -DPACKAGE_BUGREPORT=\"\" -DPACKAGE_URL=\"\" -DSTDC_HEADERS=1 -DHAVE_SYS_TYPES_H=1 -DHAVE_SYS_STAT_H=1 -DHAVE_STDLIB_H=1 -DHAVE_STRING_H=1 -DHAVE_MEMORY_H=1 -DHAVE_STRINGS_H=1 -DHAVE_INTTYPES_H=1 -DHAVE_STDINT_H=1 -DHAVE_UNISTD_H=1 -DHAVE_DLFCN_H=1 -DLT_OBJDIR=\".libs/\" -DHAVE__BOOL=1 -DHAVE_STDLIB_H=1 -DHAVE_MALLOC=1 -DPACKAGE=\"hmmufotu\" -DVERSION=\"1.0\" -DHAVE_ISNAN=1'
DEPDIR='.deps'
DLLTOOL='false'
DSYMUTIL=''
DUMPBIN=''
ECHO_C=''
ECHO_N='-n'
ECHO_T=''
EGREP='/usr/bin/grep -E'
EXEEXT=''
FGREP='/usr/bin/grep -F'
GREP='/usr/bin/grep'
INSTALL_DATA='${INSTALL} -m 644'
INSTALL_PROGRAM='${INSTALL}'
INSTALL_SCRIPT='${INSTALL}'
INSTALL_STRIP_PROGRAM='$(install_sh) -c -s'
LD='/usr/bin/ld -m elf_x86_64'
LDFLAGS=''
LIBOBJS=''
LIBS=''
LIBTOOL='$(SHELL) $(top_builddir)/libtool'
LIPO=''
LN_S='ln -s'
LTLIBOBJS=''
LT_SYS_LIBRARY_PATH=''
MAKEINFO='${SHELL} /home/zhengqi/git/HmmUFOtu/HmmUFOtu/missing makeinfo'
MANIFEST_TOOL=':'
MKDIR_P='/usr/bin/mkdir -p'
NM='/usr/bin/nm -B'
NMEDIT=''
OBJDUMP='objdump'
OBJEXT='o'
OTOOL64=''
OTOOL=''
PACKAGE='hmmufotu'
PACKAGE_BUGREPORT=''
PACKAGE_NAME='HmmUFOtu'
PACKAGE_STRING='HmmUFOtu 1.0'
PACKAGE_TARNAME='hmmufotu'
PACKAGE_URL=''
PACKAGE_VERSION='1.0'
PATH_SEPARATOR=':'
RANLIB='ranlib'
SED='/usr/bin/sed'
SET_MAKE=''
SHELL='/bin/sh'
STRIP='strip'
VERSION='1.0'
ac_ct_AR='ar'
ac_ct_CC='gcc'
ac_ct_CXX='g++'
ac_ct_DUMPBIN=''
am__EXEEXT_FALSE=''
am__EXEEXT_TRUE='#'
am__fastdepCC_FALSE='#'
am__fastdepCC_TRUE=''
am__fastdepCXX_FALSE='#'
am__fastdepCXX_TRUE=''
am__include='include'
am__isrc=''
am__leading_dot='.'
am__nodep='_no'
am__quote=''
am__tar='$${TAR-tar} chof - "$$tardir"'
am__untar='$${TAR-tar} xf -'
bindir='${exec_prefix}/bin'
build='x86_64-unknown-linux-gnu'
build_alias=''
build_cpu='x86_64'
build_os='linux-gnu'
build_vendor='unknown'
datadir='${datarootdir}'
datarootdir='${prefix}/share'
docdir='${datarootdir}/doc/${PACKAGE_TARNAME}'
dvidir='${docdir}'
exec_prefix='${prefix}'
host='x86_64-unknown-linux-gnu'
host_alias=''
host_cpu='x86_64'
host_os='linux-gnu'
host_vendor='unknown'
htmldir='${docdir}'
includedir='${prefix}/include'
infodir='${datarootdir}/info'
install_sh='${SHELL} /home/zhengqi/git/HmmUFOtu/HmmUFOtu/install-sh'
libdir='${exec_prefix}/lib'
libexecdir='${exec_prefix}/libexec'
localedir='${datarootdir}/locale'
localstatedir='${prefix}/var'
mandir='${datarootdir}/man'
mkdir_p='$(MKDIR_P)'
oldincludedir='/usr/include'
pdfdir='${docdir}'
prefix='/usr/local'
program_transform_name='s,x,x,'
psdir='${docdir}'
sbindir='${exec_prefix}/sbin'
sharedstatedir='${prefix}/com'
subdirs=' src/libcds src/libdivsufsort'
sysconfdir='${prefix}/etc'
target='x86_64-unknown-linux-gnu'
target_alias=''
target_cpu='x86_64'
target_os='linux-gnu'
target_vendor='unknown'

## ----------- ##
## confdefs.h. ##
## ----------- ##

/* confdefs.h */
#define PACKAGE_NAME "HmmUFOtu"
#define PACKAGE_TARNAME "hmmufotu"
#define PACKAGE_VERSION "1.0"
#define PACKAGE_STRING "HmmUFOtu 1.0"
#define PACKAGE_BUGREPORT ""
#define PACKAGE_URL ""
#define STDC_HEADERS 1
#define HAVE_SYS_TYPES_H 1
#define HAVE_SYS_STAT_H 1
#define HAVE_STDLIB_H 1
#define HAVE_STRING_H 1
#define HAVE_MEMORY_H 1
#define HAVE_STRINGS_H 1
#define HAVE_INTTYPES_H 1
#define HAVE_STDINT_H 1
#define HAVE_UNISTD_H 1
#define HAVE_DLFCN_H 1
#define LT_OBJDIR ".libs/"
#define HAVE__BOOL 1
#define HAVE_STDLIB_H 1
#define HAVE_MALLOC 1
#define PACKAGE "hmmufotu"
#define VERSION "1.0"
#define HAVE_ISNAN 1

configure: exit 0
